<?xml version="1.0" encoding="UTF-8"?>
<testng-results skipped="0" failed="0" ignored="0" total="1" passed="1">
  <reporter-output>
  </reporter-output>
  <suite name="Suite" duration-ms="9612" started-at="2018-12-22T19:39:10Z" finished-at="2018-12-22T19:39:19Z">
    <groups>
    </groups>
    <test name="Test" duration-ms="9612" started-at="2018-12-22T19:39:10Z" finished-at="2018-12-22T19:39:19Z">
      <class name="testClasses.CreateNewAccount">
        <test-method status="PASS" signature="createNewAccountFromHomePage(java.util.Map)[pri:0, instance:testClasses.CreateNewAccount@482f8f11]" name="createNewAccountFromHomePage" duration-ms="9582" started-at="2018-12-22T13:39:10Z" data-provider="csvData" finished-at="2018-12-22T13:39:19Z">
          <params>
            <param index="0">
              <value>
                <![CDATA[{password=Ugyhugu, username=mngr167177}]]>
              </value>
            </param>
          </params>
          <reporter-output>
          </reporter-output>
        </test-method> <!-- createNewAccountFromHomePage -->
      </class> <!-- testClasses.CreateNewAccount -->
    </test> <!-- Test -->
  </suite> <!-- Suite -->
</testng-results>
